<?xml version="1.0" encoding="UTF-8"?>
<!-- Generated by org.testng.reporters.JUnitReportReporter -->
<testsuite hostname="Akhils-MBP" failures="0" tests="1" name="com.alert.AlertDemo" time="1.376" errors="0" timestamp="2023-11-23T21:14:56 GMT" skipped="0">
  <testcase classname="com.alert.AlertDemo" name="test" time="1.376"/>
  <system-out/>
</testsuite> <!-- com.alert.AlertDemo -->
